<?xml version="1.0" encoding="UTF-8" ?>
<testsuite failures="0" time="8.172" errors="0" skipped="0" tests="1" name="com.prosyst.mrpm.backen.proxy.ProxyPerfTest">
  <properties>
    <property name="java.vendor" value="Sun Microsystems Inc."/>
    <property name="localRepository" value="C:\Documents and Settings\tosho\.m2\repository"/>
    <property name="sun.java.launcher" value="SUN_STANDARD"/>
    <property name="sun.management.compiler" value="HotSpot Client Compiler"/>
    <property name="env.PROMPT" value="$P$G"/>
    <property name="os.name" value="Windows XP"/>
    <property name="env.FP_NO_HOST_CHECK" value="NO"/>
    <property name="sun.boot.class.path" value="D:\java\jdk1.6.0\jre\lib\resources.jar;D:\java\jdk1.6.0\jre\lib\rt.jar;D:\java\jdk1.6.0\jre\lib\sunrsasign.jar;D:\java\jdk1.6.0\jre\lib\jsse.jar;D:\java\jdk1.6.0\jre\lib\jce.jar;D:\java\jdk1.6.0\jre\lib\charsets.jar;D:\java\jdk1.6.0\jre\classes"/>
    <property name="env.COMPUTERNAME" value="TOSHO"/>
    <property name="env.ALLUSERSPROFILE" value="C:\Documents and Settings\All Users"/>
    <property name="sun.desktop" value="windows"/>
    <property name="java.vm.specification.vendor" value="Sun Microsystems Inc."/>
    <property name="java.runtime.version" value="1.6.0_07-b06"/>
    <property name="env.HOMEPATH" value="\Documents and Settings\tosho"/>
    <property name="user.name" value="tosho"/>
    <property name="user.language" value="bg"/>
    <property name="sun.boot.library.path" value="D:\java\jdk1.6.0\jre\bin"/>
    <property name="classworlds.conf" value="D:\java\maven-2.0.9\bin\m2.conf"/>
    <property name="java.version" value="1.6.0_07"/>
    <property name="env.PROCESSOR_IDENTIFIER" value="x86 Family 6 Model 15 Stepping 13, GenuineIntel"/>
    <property name="user.timezone" value="Europe/Helsinki"/>
    <property name="env.CLIENTNAME" value="Console"/>
    <property name="env.TEMP" value="d:\temp\tosho"/>
    <property name="sun.arch.data.model" value="32"/>
    <property name="java.endorsed.dirs" value="D:\java\jdk1.6.0\jre\lib\endorsed"/>
    <property name="sun.cpu.isalist" value="pentium_pro+mmx pentium_pro pentium+mmx pentium i486 i386 i86"/>
    <property name="env.HOMEDRIVE" value="C:"/>
    <property name="sun.jnu.encoding" value="Cp1251"/>
    <property name="file.encoding.pkg" value="sun.io"/>
    <property name="file.separator" value="\"/>
    <property name="java.specification.name" value="Java Platform API Specification"/>
    <property name="java.class.version" value="50.0"/>
    <property name="user.country" value="BG"/>
    <property name="java.home" value="D:\java\jdk1.6.0\jre"/>
    <property name="env.APPDATA" value="C:\Documents and Settings\tosho\Application Data"/>
    <property name="java.vm.info" value="mixed mode, sharing"/>
    <property name="env.ComSpec" value="C:\WINDOWS\system32\cmd.exe"/>
    <property name="env.OS" value="Windows_NT"/>
    <property name="env.CommonProgramFiles" value="C:\Program Files\Common Files"/>
    <property name="os.version" value="5.1"/>
    <property name="path.separator" value=";"/>
    <property name="java.vm.version" value="10.0-b23"/>
    <property name="user.variant" value=""/>
    <property name="env.USERPROFILE" value="C:\Documents and Settings\tosho"/>
    <property name="env.JAVA_HOME" value="D:\java\jdk1.6.0"/>
    <property name="java.awt.printerjob" value="sun.awt.windows.WPrinterJob"/>
    <property name="env.TMP" value="d:\temp\tosho"/>
    <property name="sun.io.unicode.encoding" value="UnicodeLittle"/>
    <property name="awt.toolkit" value="sun.awt.windows.WToolkit"/>
    <property name="user.home" value="C:\Documents and Settings\tosho"/>
    <property name="env.SESSIONNAME" value="Console"/>
    <property name="java.specification.vendor" value="Sun Microsystems Inc."/>
    <property name="env.M2_HOME" value="D:\java\maven-2.0.9"/>
    <property name="env.NUMBER_OF_PROCESSORS" value="2"/>
    <property name="java.library.path" value="D:\java\jdk1.6.0\bin;.;C:\WINDOWS\Sun\Java\bin;C:\WINDOWS\system32;C:\WINDOWS;D:/java/jdk1.6.0/bin/../jre/bin/client;D:/java/jdk1.6.0/bin/../jre/bin;C:\WINDOWS\system32;C:\WINDOWS;C:\WINDOWS\System32\Wbem;C:\Program Files\TortoiseSVN\bin;C:\Program Files\MySQL\bin;C:\Program Files\OpenVPN\bin;D:\java\jdk1.6.0\bin;D:\minsys\bin;D:\java\maven-2.0.9\bin;&quot;C:\Program Files\Crimson Editor&quot;;C:\Program Files\MySQL\bin"/>
    <property name="java.vendor.url" value="http://java.sun.com/"/>
    <property name="env.USERDNSDOMAIN" value="PSB"/>
    <property name="java.vm.vendor" value="Sun Microsystems Inc."/>
    <property name="maven.home" value="D:\java\maven-2.0.9"/>
    <property name="java.runtime.name" value="Java(TM) SE Runtime Environment"/>
    <property name="java.class.path" value="D:\java\maven-2.0.9\boot\classworlds-1.1.jar"/>
    <property name="java.vm.specification.name" value="Java Virtual Machine Specification"/>
    <property name="env.LOGONSERVER" value="\\PDC"/>
    <property name="env.windir" value="C:\WINDOWS"/>
    <property name="java.vm.specification.version" value="1.0"/>
    <property name="env.PROCESSOR_ARCHITECTURE" value="x86"/>
    <property name="sun.cpu.endian" value="little"/>
    <property name="sun.os.patch.level" value="Service Pack 3"/>
    <property name="surefire.test.class.path" value="D:\develop-other\autowire-maven\proxygen\target\test-classes;D:\develop-other\autowire-maven\proxygen\target\classes;C:\Documents and Settings\tosho\.m2\repository\edu\unseen\asm-wrapped\3.1\asm-wrapped-3.1.jar;C:\Documents and Settings\tosho\.m2\repository\org\osgi\osgi_R4_core\1.0\osgi_R4_core-1.0.jar;C:\Documents and Settings\tosho\.m2\repository\junit\junit\4.4\junit-4.4.jar;"/>
    <property name="env.ProgramFiles" value="C:\Program Files"/>
    <property name="java.io.tmpdir" value="d:\temp\tosho\"/>
    <property name="env.PROCESSOR_REVISION" value="0f0d"/>
    <property name="java.vendor.url.bug" value="http://java.sun.com/cgi-bin/bugreport.cgi"/>
    <property name="env.SystemRoot" value="C:\WINDOWS"/>
    <property name="java.awt.graphicsenv" value="sun.awt.Win32GraphicsEnvironment"/>
    <property name="os.arch" value="x86"/>
    <property name="java.ext.dirs" value="D:\java\jdk1.6.0\jre\lib\ext;C:\WINDOWS\Sun\Java\lib\ext"/>
    <property name="user.dir" value="D:\develop-other\autowire-maven\proxygen"/>
    <property name="line.separator" value="
"/>
    <property name="java.vm.name" value="Java HotSpot(TM) Client VM"/>
    <property name="env.PATHEXT" value=".COM;.EXE;.BAT;.CMD;.VBS;.VBE;.JS;.JSE;.WSF;.WSH"/>
    <property name="env.Path" value="D:/java/jdk1.6.0/bin/../jre/bin/client;D:/java/jdk1.6.0/bin/../jre/bin;C:\WINDOWS\system32;C:\WINDOWS;C:\WINDOWS\System32\Wbem;C:\Program Files\TortoiseSVN\bin;C:\Program Files\MySQL\bin;C:\Program Files\OpenVPN\bin;D:\java\jdk1.6.0\bin;D:\minsys\bin;D:\java\maven-2.0.9\bin;&quot;C:\Program Files\Crimson Editor&quot;;C:\Program Files\MySQL\bin"/>
    <property name="basedir" value="D:\develop-other\autowire-maven\proxygen"/>
    <property name="env.USERNAME" value="tosho"/>
    <property name="env.SystemDrive" value="C:"/>
    <property name="file.encoding" value="Cp1251"/>
    <property name="env.USERDOMAIN" value="PSB"/>
    <property name="java.specification.version" value="1.6"/>
    <property name="env.PROCESSOR_LEVEL" value="6"/>
  </properties>
  <testcase time="8.125" classname="com.prosyst.mrpm.backen.proxy.ProxyPerfTest" name="test"/>
</testsuite>